<?xml version="1.0" encoding="UTF-8"?>
<!-- Generated by org.testng.reporters.JUnitXMLReporter -->
<testsuite hostname="WHM0004922.local" ignored="0" name="Default test" tests="4" failures="0" timestamp="2021-02-03T13:39:55 CET" time="4.486" errors="0">
  <testcase name="validateAddPetTest" time="1.974" classname="com.testPages.PetstoreTest"/>
  <testcase name="validateUpdatePetTest" time="1.035" classname="com.testPages.PetstoreTest"/>
  <testcase name="validateGetPetTest" time="0.717" classname="com.testPages.PetstoreTest"/>
  <testcase name="validateDeletePetTest" time="0.719" classname="com.testPages.PetstoreTest"/>
</testsuite> <!-- Default test -->
